

Version:	3.50
CmdLine:	F:\SVN Sever\clone project\New folder\M-y-t-nh-l-\src\tus.exe --l4j-debug
JNI:		No
WOW64:		Yes
Working dir:	F:\SVN Sever\clone project\New folder\M-y-t-nh-l-\src\.
Requires JDK:	No
Requires 64-Bit: No
Java min ver:	1.000.000
Java max ver:	
Substitute:	JAVA_HOME = 
Substitute:	PATH = C:\Program Files\Common Files\Oracle\Java\javapath;C:\Program Files (x86)\Common Files\Oracle\Java\javapath;C:\Program Files\Common Files\Microsoft Shared\Microsoft Online Services;C:\Program Files (x86)\Common Files\Microsoft Shared\Microsoft Online Services;C:\Windows\system32;C:\Windows;C:\Windows\System32\Wbem;C:\Windows\System32\WindowsPowerShell\v1.0\;C:\Windows\System32\OpenSSH\;C:\Program Files (x86)\NVIDIA Corporation\PhysX\Common;C:\Program Files\NVIDIA Corporation\NVIDIA NvDLISR;F:\git\Git\cmd;C:\mingw64\bin;C:\mingw64\x86_64-w64-mingw32\bin;C:\MinGW\bin;C:\Users\Admin\jdk-21.0.1+12\bin;C:\Program Files\dotnet\;C:\Program Files (x86)\Microsoft SQL Server\160\Tools\Binn\;C:\Program Files\Microsoft SQL Server\160\Tools\Binn\;C:\Program Files\Microsoft SQL Server\Client SDK\ODBC\170\Tools\Binn\;C:\Program Files\Microsoft SQL Server\160\DTS\Binn\;C:\Program Files (x86)\Microsoft SQL Server\160\DTS\Binn\;C:\Program Files\Azure Data Studio\bin;C:\Program Files (x86)\Windows Kits\10\Windows Performance Toolkit\;C:\Qt\Tools\sdktool\share\qtcreator\QtProject\qtcreator;C:\Program Files\Microsoft SQL Server\120\Tools\Binn\;C:\Program Files\Microsoft SQL Server\Client SDK\ODBC\130\Tools\Binn\;C:\Program Files\Microsoft SQL Server\150\Tools\Binn\;C:\Program Files\Cloudflare\Cloudflare WARP\;C:\Program Files\VisualSVN Server\bin;C:\Program Files\TortoiseSVN\bin;C:\Users\Admin\AppData\Local\Microsoft\WindowsApps;F:\Microsoft VS Code\bin;F:\Downloads\Dev-Cpp\Lang;C:\mingw64;C:\mingw64\x86_64-w64-mingw32\bin;C:\MinGW\bin;C:\Users\Admin\jdk-21.0.1+12\bin;C:\Users\Admin\.dotnet\tools;C:\Program Files\Azure Data Studio\bin;C:\Qt\Tools\sdktool\share\qtcreator\QtProject\qtcreator;;C:\Program Files\JetBrains\IntelliJ IDEA 2024.3.3\bin;;C:\Users\Admin\jdk-21.0.1+12\bin
JRE paths:	;C:\Program Files\Common Files\Oracle\Java\javapath;C:\Program Files (x86)\Common Files\Oracle\Java\javapath;C:\Program Files\Common Files\Microsoft Shared\Microsoft Online Services;C:\Program Files (x86)\Common Files\Microsoft Shared\Microsoft Online Services;C:\Windows\system32;C:\Windows;C:\Windows\System32\Wbem;C:\Windows\System32\WindowsPowerShell\v1.0\;C:\Windows\System32\OpenSSH\;C:\Program Files (x86)\NVIDIA Corporation\PhysX\Common;C:\Program Files\NVIDIA Corporation\NVIDIA NvDLISR;F:\git\Git\cmd;C:\mingw64\bin;C:\mingw64\x86_64-w64-mingw32\bin;C:\MinGW\bin;C:\Users\Admin\jdk-21.0.1+12\bin;C:\Program Files\dotnet\;C:\Program Files (x86)\Microsoft SQL Server\160\Tools\Binn\;C:\Program Files\Microsoft SQL Server\160\Tools\Binn\;C:\Program Files\Microsoft SQL Server\Client SDK\ODBC\170\Tools\Binn\;C:\Program Files\Microsoft SQL Server\160\DTS\Binn\;C:\Program Files (x86)\Microsoft SQL Server\160\DTS\Binn\;C:\Program Files\Azure Data Studio\bin;C:\Program Files (x86)\Windows Kits\10\Windows Performance Toolkit\;C:\Qt\Tools\sdktool\share\qtcreator\QtProject\qtcreator;C:\Program Files\Microsoft SQL Server\120\Tools\Binn\;C:\Program Files\Microsoft SQL Server\Client SDK\ODBC\130\Tools\Binn\;C:\Program Files\Microsoft SQL Server\150\Tools\Binn\;C:\Program Files\Cloudflare\Cloudflare WARP\;C:\Program Files\VisualSVN Server\bin;C:\Program Files\TortoiseSVN\bin;C:\Users\Admin\AppData\Local\Microsoft\WindowsApps;F:\Microsoft VS Code\bin;F:\Downloads\Dev-Cpp\Lang;C:\mingw64;C:\mingw64\x86_64-w64-mingw32\bin;C:\MinGW\bin;C:\Users\Admin\jdk-21.0.1+12\bin;C:\Users\Admin\.dotnet\tools;C:\Program Files\Azure Data Studio\bin;C:\Qt\Tools\sdktool\share\qtcreator\QtProject\qtcreator;;C:\Program Files\JetBrains\IntelliJ IDEA 2024.3.3\bin;;C:\Users\Admin\jdk-21.0.1+12\bin
Check launcher:	C:\Program Files\Common Files\Oracle\Java\javapath\bin\javaw.exe (not found)
Check launcher:	C:\Program Files (x86)\Common Files\Oracle\Java\javapath\bin\javaw.exe (not found)
Check launcher:	C:\Program Files\Common Files\Microsoft Shared\Microsoft Online Services\bin\javaw.exe (not found)
Check launcher:	C:\Program Files (x86)\Common Files\Microsoft Shared\Microsoft Online Services\bin\javaw.exe (not found)
Check launcher:	C:\Windows\system32\bin\javaw.exe (not found)
Check launcher:	C:\Windows\bin\javaw.exe (not found)
Check launcher:	C:\Windows\System32\Wbem\bin\javaw.exe (not found)
Check launcher:	C:\Windows\System32\WindowsPowerShell\v1.0\bin\javaw.exe (not found)
Check launcher:	C:\Windows\System32\OpenSSH\bin\javaw.exe (not found)
Check launcher:	C:\Program Files (x86)\NVIDIA Corporation\PhysX\Common\bin\javaw.exe (not found)
Check launcher:	C:\Program Files\NVIDIA Corporation\NVIDIA NvDLISR\bin\javaw.exe (not found)
Check launcher:	F:\git\Git\cmd\bin\javaw.exe (not found)
Check launcher:	C:\mingw64\bin\javaw.exe (not found)
Check launcher:	C:\mingw64\x86_64-w64-mingw32\bin\javaw.exe (not found)
Check launcher:	C:\MinGW\bin\javaw.exe (not found)
Check launcher:	C:\Users\Admin\jdk-21.0.1+12\bin\javaw.exe (OK)
Version string: 1.021.000_001 / 64-Bit (OK)
Launcher:	C:\Users\Admin\jdk-21.0.1+12\bin\javaw.exe
Launcher args:	-jar "F:\SVN Sever\clone project\New folder\M-y-t-nh-l-\src\tus.exe"
Args length:	68/32768 chars
Exit code:	0


Version:	3.50
CmdLine:	F:\SVN Sever\clone project\New folder\M-y-t-nh-l-\src\tudepchai.exe --l4j-debug
JNI:		No
WOW64:		Yes
Working dir:	F:\SVN Sever\clone project\New folder\M-y-t-nh-l-\src\.
Requires JDK:	No
Requires 64-Bit: No
Java min ver:	1.000.000
Java max ver:	
Substitute:	JAVA_HOME = 
Substitute:	PATH = C:\Program Files\Common Files\Oracle\Java\javapath;C:\Program Files (x86)\Common Files\Oracle\Java\javapath;C:\Program Files\Common Files\Microsoft Shared\Microsoft Online Services;C:\Program Files (x86)\Common Files\Microsoft Shared\Microsoft Online Services;C:\Windows\system32;C:\Windows;C:\Windows\System32\Wbem;C:\Windows\System32\WindowsPowerShell\v1.0\;C:\Windows\System32\OpenSSH\;C:\Program Files (x86)\NVIDIA Corporation\PhysX\Common;C:\Program Files\NVIDIA Corporation\NVIDIA NvDLISR;F:\git\Git\cmd;C:\mingw64\bin;C:\mingw64\x86_64-w64-mingw32\bin;C:\MinGW\bin;C:\Users\Admin\jdk-21.0.1+12\bin;C:\Program Files\dotnet\;C:\Program Files (x86)\Microsoft SQL Server\160\Tools\Binn\;C:\Program Files\Microsoft SQL Server\160\Tools\Binn\;C:\Program Files\Microsoft SQL Server\Client SDK\ODBC\170\Tools\Binn\;C:\Program Files\Microsoft SQL Server\160\DTS\Binn\;C:\Program Files (x86)\Microsoft SQL Server\160\DTS\Binn\;C:\Program Files\Azure Data Studio\bin;C:\Program Files (x86)\Windows Kits\10\Windows Performance Toolkit\;C:\Qt\Tools\sdktool\share\qtcreator\QtProject\qtcreator;C:\Program Files\Microsoft SQL Server\120\Tools\Binn\;C:\Program Files\Microsoft SQL Server\Client SDK\ODBC\130\Tools\Binn\;C:\Program Files\Microsoft SQL Server\150\Tools\Binn\;C:\Program Files\Cloudflare\Cloudflare WARP\;C:\Program Files\VisualSVN Server\bin;C:\Program Files\TortoiseSVN\bin;C:\Users\Admin\AppData\Local\Microsoft\WindowsApps;F:\Microsoft VS Code\bin;F:\Downloads\Dev-Cpp\Lang;C:\mingw64;C:\mingw64\x86_64-w64-mingw32\bin;C:\MinGW\bin;C:\Users\Admin\jdk-21.0.1+12\bin;C:\Users\Admin\.dotnet\tools;C:\Program Files\Azure Data Studio\bin;C:\Qt\Tools\sdktool\share\qtcreator\QtProject\qtcreator;;C:\Program Files\JetBrains\IntelliJ IDEA 2024.3.3\bin;;C:\Users\Admin\jdk-21.0.1+12\bin
JRE paths:	;C:\Program Files\Common Files\Oracle\Java\javapath;C:\Program Files (x86)\Common Files\Oracle\Java\javapath;C:\Program Files\Common Files\Microsoft Shared\Microsoft Online Services;C:\Program Files (x86)\Common Files\Microsoft Shared\Microsoft Online Services;C:\Windows\system32;C:\Windows;C:\Windows\System32\Wbem;C:\Windows\System32\WindowsPowerShell\v1.0\;C:\Windows\System32\OpenSSH\;C:\Program Files (x86)\NVIDIA Corporation\PhysX\Common;C:\Program Files\NVIDIA Corporation\NVIDIA NvDLISR;F:\git\Git\cmd;C:\mingw64\bin;C:\mingw64\x86_64-w64-mingw32\bin;C:\MinGW\bin;C:\Users\Admin\jdk-21.0.1+12\bin;C:\Program Files\dotnet\;C:\Program Files (x86)\Microsoft SQL Server\160\Tools\Binn\;C:\Program Files\Microsoft SQL Server\160\Tools\Binn\;C:\Program Files\Microsoft SQL Server\Client SDK\ODBC\170\Tools\Binn\;C:\Program Files\Microsoft SQL Server\160\DTS\Binn\;C:\Program Files (x86)\Microsoft SQL Server\160\DTS\Binn\;C:\Program Files\Azure Data Studio\bin;C:\Program Files (x86)\Windows Kits\10\Windows Performance Toolkit\;C:\Qt\Tools\sdktool\share\qtcreator\QtProject\qtcreator;C:\Program Files\Microsoft SQL Server\120\Tools\Binn\;C:\Program Files\Microsoft SQL Server\Client SDK\ODBC\130\Tools\Binn\;C:\Program Files\Microsoft SQL Server\150\Tools\Binn\;C:\Program Files\Cloudflare\Cloudflare WARP\;C:\Program Files\VisualSVN Server\bin;C:\Program Files\TortoiseSVN\bin;C:\Users\Admin\AppData\Local\Microsoft\WindowsApps;F:\Microsoft VS Code\bin;F:\Downloads\Dev-Cpp\Lang;C:\mingw64;C:\mingw64\x86_64-w64-mingw32\bin;C:\MinGW\bin;C:\Users\Admin\jdk-21.0.1+12\bin;C:\Users\Admin\.dotnet\tools;C:\Program Files\Azure Data Studio\bin;C:\Qt\Tools\sdktool\share\qtcreator\QtProject\qtcreator;;C:\Program Files\JetBrains\IntelliJ IDEA 2024.3.3\bin;;C:\Users\Admin\jdk-21.0.1+12\bin
Check launcher:	C:\Program Files\Common Files\Oracle\Java\javapath\bin\javaw.exe (not found)
Check launcher:	C:\Program Files (x86)\Common Files\Oracle\Java\javapath\bin\javaw.exe (not found)
Check launcher:	C:\Program Files\Common Files\Microsoft Shared\Microsoft Online Services\bin\javaw.exe (not found)
Check launcher:	C:\Program Files (x86)\Common Files\Microsoft Shared\Microsoft Online Services\bin\javaw.exe (not found)
Check launcher:	C:\Windows\system32\bin\javaw.exe (not found)
Check launcher:	C:\Windows\bin\javaw.exe (not found)
Check launcher:	C:\Windows\System32\Wbem\bin\javaw.exe (not found)
Check launcher:	C:\Windows\System32\WindowsPowerShell\v1.0\bin\javaw.exe (not found)
Check launcher:	C:\Windows\System32\OpenSSH\bin\javaw.exe (not found)
Check launcher:	C:\Program Files (x86)\NVIDIA Corporation\PhysX\Common\bin\javaw.exe (not found)
Check launcher:	C:\Program Files\NVIDIA Corporation\NVIDIA NvDLISR\bin\javaw.exe (not found)
Check launcher:	F:\git\Git\cmd\bin\javaw.exe (not found)
Check launcher:	C:\mingw64\bin\javaw.exe (not found)
Check launcher:	C:\mingw64\x86_64-w64-mingw32\bin\javaw.exe (not found)
Check launcher:	C:\MinGW\bin\javaw.exe (not found)
Check launcher:	C:\Users\Admin\jdk-21.0.1+12\bin\javaw.exe (OK)
Version string: 1.021.000_001 / 64-Bit (OK)
Launcher:	C:\Users\Admin\jdk-21.0.1+12\bin\javaw.exe
Launcher args:	-jar "F:\SVN Sever\clone project\New folder\M-y-t-nh-l-\src\tudepchai.exe"
Args length:	74/32768 chars
Exit code:	0


Version:	3.50
CmdLine:	F:\SVN Sever\clone project\New folder\M-y-t-nh-l-\src\Calculator.exe --l4j-debug
JNI:		No
WOW64:		Yes
Working dir:	F:\SVN Sever\clone project\New folder\M-y-t-nh-l-\src\.
Requires JDK:	No
Requires 64-Bit: No
Java min ver:	1.000.000
Java max ver:	
Substitute:	JAVA_HOME = 
Substitute:	PATH = C:\Program Files\Common Files\Oracle\Java\javapath;C:\Program Files (x86)\Common Files\Oracle\Java\javapath;C:\Program Files\Common Files\Microsoft Shared\Microsoft Online Services;C:\Program Files (x86)\Common Files\Microsoft Shared\Microsoft Online Services;C:\Windows\system32;C:\Windows;C:\Windows\System32\Wbem;C:\Windows\System32\WindowsPowerShell\v1.0\;C:\Windows\System32\OpenSSH\;C:\Program Files (x86)\NVIDIA Corporation\PhysX\Common;C:\Program Files\NVIDIA Corporation\NVIDIA NvDLISR;F:\git\Git\cmd;C:\mingw64\bin;C:\mingw64\x86_64-w64-mingw32\bin;C:\MinGW\bin;C:\Users\Admin\jdk-21.0.1+12\bin;C:\Program Files\dotnet\;C:\Program Files (x86)\Microsoft SQL Server\160\Tools\Binn\;C:\Program Files\Microsoft SQL Server\160\Tools\Binn\;C:\Program Files\Microsoft SQL Server\Client SDK\ODBC\170\Tools\Binn\;C:\Program Files\Microsoft SQL Server\160\DTS\Binn\;C:\Program Files (x86)\Microsoft SQL Server\160\DTS\Binn\;C:\Program Files\Azure Data Studio\bin;C:\Program Files (x86)\Windows Kits\10\Windows Performance Toolkit\;C:\Qt\Tools\sdktool\share\qtcreator\QtProject\qtcreator;C:\Program Files\Microsoft SQL Server\120\Tools\Binn\;C:\Program Files\Microsoft SQL Server\Client SDK\ODBC\130\Tools\Binn\;C:\Program Files\Microsoft SQL Server\150\Tools\Binn\;C:\Program Files\Cloudflare\Cloudflare WARP\;C:\Program Files\VisualSVN Server\bin;C:\Program Files\TortoiseSVN\bin;C:\Users\Admin\AppData\Local\Microsoft\WindowsApps;F:\Microsoft VS Code\bin;F:\Downloads\Dev-Cpp\Lang;C:\mingw64;C:\mingw64\x86_64-w64-mingw32\bin;C:\MinGW\bin;C:\Users\Admin\jdk-21.0.1+12\bin;C:\Users\Admin\.dotnet\tools;C:\Program Files\Azure Data Studio\bin;C:\Qt\Tools\sdktool\share\qtcreator\QtProject\qtcreator;;C:\Program Files\JetBrains\IntelliJ IDEA 2024.3.3\bin;;C:\Users\Admin\jdk-21.0.1+12\bin
JRE paths:	;C:\Program Files\Common Files\Oracle\Java\javapath;C:\Program Files (x86)\Common Files\Oracle\Java\javapath;C:\Program Files\Common Files\Microsoft Shared\Microsoft Online Services;C:\Program Files (x86)\Common Files\Microsoft Shared\Microsoft Online Services;C:\Windows\system32;C:\Windows;C:\Windows\System32\Wbem;C:\Windows\System32\WindowsPowerShell\v1.0\;C:\Windows\System32\OpenSSH\;C:\Program Files (x86)\NVIDIA Corporation\PhysX\Common;C:\Program Files\NVIDIA Corporation\NVIDIA NvDLISR;F:\git\Git\cmd;C:\mingw64\bin;C:\mingw64\x86_64-w64-mingw32\bin;C:\MinGW\bin;C:\Users\Admin\jdk-21.0.1+12\bin;C:\Program Files\dotnet\;C:\Program Files (x86)\Microsoft SQL Server\160\Tools\Binn\;C:\Program Files\Microsoft SQL Server\160\Tools\Binn\;C:\Program Files\Microsoft SQL Server\Client SDK\ODBC\170\Tools\Binn\;C:\Program Files\Microsoft SQL Server\160\DTS\Binn\;C:\Program Files (x86)\Microsoft SQL Server\160\DTS\Binn\;C:\Program Files\Azure Data Studio\bin;C:\Program Files (x86)\Windows Kits\10\Windows Performance Toolkit\;C:\Qt\Tools\sdktool\share\qtcreator\QtProject\qtcreator;C:\Program Files\Microsoft SQL Server\120\Tools\Binn\;C:\Program Files\Microsoft SQL Server\Client SDK\ODBC\130\Tools\Binn\;C:\Program Files\Microsoft SQL Server\150\Tools\Binn\;C:\Program Files\Cloudflare\Cloudflare WARP\;C:\Program Files\VisualSVN Server\bin;C:\Program Files\TortoiseSVN\bin;C:\Users\Admin\AppData\Local\Microsoft\WindowsApps;F:\Microsoft VS Code\bin;F:\Downloads\Dev-Cpp\Lang;C:\mingw64;C:\mingw64\x86_64-w64-mingw32\bin;C:\MinGW\bin;C:\Users\Admin\jdk-21.0.1+12\bin;C:\Users\Admin\.dotnet\tools;C:\Program Files\Azure Data Studio\bin;C:\Qt\Tools\sdktool\share\qtcreator\QtProject\qtcreator;;C:\Program Files\JetBrains\IntelliJ IDEA 2024.3.3\bin;;C:\Users\Admin\jdk-21.0.1+12\bin
Check launcher:	C:\Program Files\Common Files\Oracle\Java\javapath\bin\javaw.exe (not found)
Check launcher:	C:\Program Files (x86)\Common Files\Oracle\Java\javapath\bin\javaw.exe (not found)
Check launcher:	C:\Program Files\Common Files\Microsoft Shared\Microsoft Online Services\bin\javaw.exe (not found)
Check launcher:	C:\Program Files (x86)\Common Files\Microsoft Shared\Microsoft Online Services\bin\javaw.exe (not found)
Check launcher:	C:\Windows\system32\bin\javaw.exe (not found)
Check launcher:	C:\Windows\bin\javaw.exe (not found)
Check launcher:	C:\Windows\System32\Wbem\bin\javaw.exe (not found)
Check launcher:	C:\Windows\System32\WindowsPowerShell\v1.0\bin\javaw.exe (not found)
Check launcher:	C:\Windows\System32\OpenSSH\bin\javaw.exe (not found)
Check launcher:	C:\Program Files (x86)\NVIDIA Corporation\PhysX\Common\bin\javaw.exe (not found)
Check launcher:	C:\Program Files\NVIDIA Corporation\NVIDIA NvDLISR\bin\javaw.exe (not found)
Check launcher:	F:\git\Git\cmd\bin\javaw.exe (not found)
Check launcher:	C:\mingw64\bin\javaw.exe (not found)
Check launcher:	C:\mingw64\x86_64-w64-mingw32\bin\javaw.exe (not found)
Check launcher:	C:\MinGW\bin\javaw.exe (not found)
Check launcher:	C:\Users\Admin\jdk-21.0.1+12\bin\javaw.exe (OK)
Version string: 1.021.000_001 / 64-Bit (OK)
Launcher:	C:\Users\Admin\jdk-21.0.1+12\bin\javaw.exe
Launcher args:	-jar "F:\SVN Sever\clone project\New folder\M-y-t-nh-l-\src\Calculator.exe"
Args length:	75/32768 chars
Exit code:	0
